::1 - - [28/Feb/2018:13:35:59 +0000] "GET / HTTP/1.1" 200 - "-" "Mozilla/5.0 (Macintosh; Intel Mac OS X 10_13_1) AppleWebKit/537.36 (KHTML, like Gecko) Chrome/64.0.3282.167 Safari/537.36"
::1 - - [28/Feb/2018:13:35:59 +0000] "GET /robots.txt HTTP/1.1" 200 - "-" "Mozilla/5.0 (Macintosh; Intel Mac OS X 10_13_1) AppleWebKit/537.36 (KHTML, like Gecko) Chrome/64.0.3282.167 Safari/537.36"
::1 - - [28/Feb/2018:13:35:59 +0000] "GET /inline.bca14732da069fdb55c4.bundle.js HTTP/1.1" 200 - "http://localhost:3000/" "Mozilla/5.0 (Macintosh; Intel Mac OS X 10_13_1) AppleWebKit/537.36 (KHTML, like Gecko) Chrome/64.0.3282.167 Safari/537.36"
::1 - - [28/Feb/2018:13:35:59 +0000] "GET /polyfills.c21fb57db3592bff8570.bundle.js HTTP/1.1" 200 - "http://localhost:3000/" "Mozilla/5.0 (Macintosh; Intel Mac OS X 10_13_1) AppleWebKit/537.36 (KHTML, like Gecko) Chrome/64.0.3282.167 Safari/537.36"
::1 - - [28/Feb/2018:13:35:59 +0000] "GET /scripts.6118e922cb5e08a1cf58.bundle.js HTTP/1.1" 200 - "http://localhost:3000/" "Mozilla/5.0 (Macintosh; Intel Mac OS X 10_13_1) AppleWebKit/537.36 (KHTML, like Gecko) Chrome/64.0.3282.167 Safari/537.36"
::1 - - [28/Feb/2018:13:35:59 +0000] "GET /styles.bc334f45ed512c1a2250.bundle.css HTTP/1.1" 200 - "http://localhost:3000/" "Mozilla/5.0 (Macintosh; Intel Mac OS X 10_13_1) AppleWebKit/537.36 (KHTML, like Gecko) Chrome/64.0.3282.167 Safari/537.36"
::1 - - [28/Feb/2018:13:35:59 +0000] "GET /main.b5d80a3c8ef1719595b1.bundle.js HTTP/1.1" 200 - "http://localhost:3000/" "Mozilla/5.0 (Macintosh; Intel Mac OS X 10_13_1) AppleWebKit/537.36 (KHTML, like Gecko) Chrome/64.0.3282.167 Safari/537.36"
::1 - - [28/Feb/2018:13:36:00 +0000] "GET /bg.png HTTP/1.1" 200 - "http://localhost:3000/" "Mozilla/5.0 (Macintosh; Intel Mac OS X 10_13_1) AppleWebKit/537.36 (KHTML, like Gecko) Chrome/64.0.3282.167 Safari/537.36"
::1 - - [28/Feb/2018:13:36:00 +0000] "GET /assets/fonts/icomoon/icomoon.ttf HTTP/1.1" 200 7392 "http://localhost:3000/styles.bc334f45ed512c1a2250.bundle.css" "Mozilla/5.0 (Macintosh; Intel Mac OS X 10_13_1) AppleWebKit/537.36 (KHTML, like Gecko) Chrome/64.0.3282.167 Safari/537.36"
::1 - - [28/Feb/2018:13:36:00 +0000] "GET /assets/i18n/en.json HTTP/1.1" 200 153 "http://localhost:3000/en" "Mozilla/5.0 (Macintosh; Intel Mac OS X 10_13_1) AppleWebKit/537.36 (KHTML, like Gecko) Chrome/64.0.3282.167 Safari/537.36"
::1 - - [28/Feb/2018:13:36:00 +0000] "GET / HTTP/1.1" 304 - "http://localhost:3000/en" "Mozilla/5.0 (Macintosh; Intel Mac OS X 10_13_1) AppleWebKit/537.36 (KHTML, like Gecko) Chrome/64.0.3282.167 Safari/537.36"
::1 - - [28/Feb/2018:13:36:00 +0000] "GET / HTTP/1.1" 304 - "http://localhost:3000/en" "Mozilla/5.0 (Macintosh; Intel Mac OS X 10_13_1) AppleWebKit/537.36 (KHTML, like Gecko) Chrome/64.0.3282.167 Safari/537.36"
::1 - - [28/Feb/2018:13:36:00 +0000] "GET /bg.1773b50c35f4f611f62d.png HTTP/1.1" 200 1393837 "http://localhost:3000/" "Mozilla/5.0 (Macintosh; Intel Mac OS X 10_13_1) AppleWebKit/537.36 (KHTML, like Gecko) Chrome/64.0.3282.167 Safari/537.36"
::1 - - [28/Feb/2018:14:01:43 +0000] "GET /en HTTP/1.1" 200 - "-" "Mozilla/5.0 (Macintosh; Intel Mac OS X 10_13_1) AppleWebKit/537.36 (KHTML, like Gecko) Chrome/64.0.3282.167 Safari/537.36"
::1 - - [28/Feb/2018:14:01:43 +0000] "GET /inline.bca14732da069fdb55c4.bundle.js HTTP/1.1" 200 - "http://localhost:3000/en" "Mozilla/5.0 (Macintosh; Intel Mac OS X 10_13_1) AppleWebKit/537.36 (KHTML, like Gecko) Chrome/64.0.3282.167 Safari/537.36"
::1 - - [28/Feb/2018:14:01:43 +0000] "GET /polyfills.c21fb57db3592bff8570.bundle.js HTTP/1.1" 200 - "http://localhost:3000/en" "Mozilla/5.0 (Macintosh; Intel Mac OS X 10_13_1) AppleWebKit/537.36 (KHTML, like Gecko) Chrome/64.0.3282.167 Safari/537.36"
::1 - - [28/Feb/2018:14:01:43 +0000] "GET /scripts.6118e922cb5e08a1cf58.bundle.js HTTP/1.1" 200 - "http://localhost:3000/en" "Mozilla/5.0 (Macintosh; Intel Mac OS X 10_13_1) AppleWebKit/537.36 (KHTML, like Gecko) Chrome/64.0.3282.167 Safari/537.36"
::1 - - [28/Feb/2018:14:01:43 +0000] "GET /styles.bc334f45ed512c1a2250.bundle.css HTTP/1.1" 200 - "http://localhost:3000/en" "Mozilla/5.0 (Macintosh; Intel Mac OS X 10_13_1) AppleWebKit/537.36 (KHTML, like Gecko) Chrome/64.0.3282.167 Safari/537.36"
::1 - - [28/Feb/2018:14:01:43 +0000] "GET /main.b51911dca5b24782283a.bundle.js HTTP/1.1" 200 - "http://localhost:3000/en" "Mozilla/5.0 (Macintosh; Intel Mac OS X 10_13_1) AppleWebKit/537.36 (KHTML, like Gecko) Chrome/64.0.3282.167 Safari/537.36"
::1 - - [28/Feb/2018:14:01:43 +0000] "GET /bg.png HTTP/1.1" 200 - "http://localhost:3000/" "Mozilla/5.0 (Macintosh; Intel Mac OS X 10_13_1) AppleWebKit/537.36 (KHTML, like Gecko) Chrome/64.0.3282.167 Safari/537.36"
::1 - - [28/Feb/2018:14:01:43 +0000] "GET /assets/fonts/icomoon/icomoon.ttf HTTP/1.1" 200 7392 "http://localhost:3000/styles.bc334f45ed512c1a2250.bundle.css" "Mozilla/5.0 (Macintosh; Intel Mac OS X 10_13_1) AppleWebKit/537.36 (KHTML, like Gecko) Chrome/64.0.3282.167 Safari/537.36"
::1 - - [28/Feb/2018:14:01:43 +0000] "GET /assets/i18n/en.json HTTP/1.1" 200 153 "http://localhost:3000/en" "Mozilla/5.0 (Macintosh; Intel Mac OS X 10_13_1) AppleWebKit/537.36 (KHTML, like Gecko) Chrome/64.0.3282.167 Safari/537.36"
::1 - - [28/Feb/2018:14:01:44 +0000] "GET /bg.1773b50c35f4f611f62d.png HTTP/1.1" 200 1393837 "http://localhost:3000/" "Mozilla/5.0 (Macintosh; Intel Mac OS X 10_13_1) AppleWebKit/537.36 (KHTML, like Gecko) Chrome/64.0.3282.167 Safari/537.36"
::1 - - [28/Feb/2018:14:01:44 +0000] "GET / HTTP/1.1" 200 - "http://localhost:3000/en" "Mozilla/5.0 (Macintosh; Intel Mac OS X 10_13_1) AppleWebKit/537.36 (KHTML, like Gecko) Chrome/64.0.3282.167 Safari/537.36"
::1 - - [28/Feb/2018:14:01:44 +0000] "GET / HTTP/1.1" 200 - "http://localhost:3000/en" "Mozilla/5.0 (Macintosh; Intel Mac OS X 10_13_1) AppleWebKit/537.36 (KHTML, like Gecko) Chrome/64.0.3282.167 Safari/537.36"
::1 - - [28/Feb/2018:14:17:41 +0000] "GET /en HTTP/1.1" 304 - "-" "Mozilla/5.0 (Macintosh; Intel Mac OS X 10_13_1) AppleWebKit/537.36 (KHTML, like Gecko) Chrome/64.0.3282.167 Safari/537.36"
::1 - - [28/Feb/2018:14:17:41 +0000] "GET /inline.bca14732da069fdb55c4.bundle.js HTTP/1.1" 200 - "http://localhost:3000/en" "Mozilla/5.0 (Macintosh; Intel Mac OS X 10_13_1) AppleWebKit/537.36 (KHTML, like Gecko) Chrome/64.0.3282.167 Safari/537.36"
::1 - - [28/Feb/2018:14:17:41 +0000] "GET /polyfills.c21fb57db3592bff8570.bundle.js HTTP/1.1" 200 - "http://localhost:3000/en" "Mozilla/5.0 (Macintosh; Intel Mac OS X 10_13_1) AppleWebKit/537.36 (KHTML, like Gecko) Chrome/64.0.3282.167 Safari/537.36"
::1 - - [28/Feb/2018:14:17:41 +0000] "GET /scripts.6118e922cb5e08a1cf58.bundle.js HTTP/1.1" 200 - "http://localhost:3000/en" "Mozilla/5.0 (Macintosh; Intel Mac OS X 10_13_1) AppleWebKit/537.36 (KHTML, like Gecko) Chrome/64.0.3282.167 Safari/537.36"
::1 - - [28/Feb/2018:14:17:41 +0000] "GET /styles.bc334f45ed512c1a2250.bundle.css HTTP/1.1" 200 - "http://localhost:3000/en" "Mozilla/5.0 (Macintosh; Intel Mac OS X 10_13_1) AppleWebKit/537.36 (KHTML, like Gecko) Chrome/64.0.3282.167 Safari/537.36"
::1 - - [28/Feb/2018:14:17:41 +0000] "GET /main.b51911dca5b24782283a.bundle.js HTTP/1.1" 200 - "http://localhost:3000/en" "Mozilla/5.0 (Macintosh; Intel Mac OS X 10_13_1) AppleWebKit/537.36 (KHTML, like Gecko) Chrome/64.0.3282.167 Safari/537.36"
::1 - - [28/Feb/2018:14:17:42 +0000] "GET /bg.png HTTP/1.1" 200 - "http://localhost:3000/" "Mozilla/5.0 (Macintosh; Intel Mac OS X 10_13_1) AppleWebKit/537.36 (KHTML, like Gecko) Chrome/64.0.3282.167 Safari/537.36"
::1 - - [28/Feb/2018:14:17:42 +0000] "GET /assets/fonts/icomoon/icomoon.ttf HTTP/1.1" 200 7392 "http://localhost:3000/styles.bc334f45ed512c1a2250.bundle.css" "Mozilla/5.0 (Macintosh; Intel Mac OS X 10_13_1) AppleWebKit/537.36 (KHTML, like Gecko) Chrome/64.0.3282.167 Safari/537.36"
::1 - - [28/Feb/2018:14:17:42 +0000] "GET /assets/i18n/en.json HTTP/1.1" 200 153 "http://localhost:3000/en" "Mozilla/5.0 (Macintosh; Intel Mac OS X 10_13_1) AppleWebKit/537.36 (KHTML, like Gecko) Chrome/64.0.3282.167 Safari/537.36"
::1 - - [28/Feb/2018:14:17:42 +0000] "GET / HTTP/1.1" 200 - "http://localhost:3000/en" "Mozilla/5.0 (Macintosh; Intel Mac OS X 10_13_1) AppleWebKit/537.36 (KHTML, like Gecko) Chrome/64.0.3282.167 Safari/537.36"
::1 - - [28/Feb/2018:14:17:42 +0000] "GET / HTTP/1.1" 200 - "http://localhost:3000/en" "Mozilla/5.0 (Macintosh; Intel Mac OS X 10_13_1) AppleWebKit/537.36 (KHTML, like Gecko) Chrome/64.0.3282.167 Safari/537.36"
::1 - - [28/Feb/2018:14:17:42 +0000] "GET /bg.1773b50c35f4f611f62d.png HTTP/1.1" 200 1393837 "http://localhost:3000/" "Mozilla/5.0 (Macintosh; Intel Mac OS X 10_13_1) AppleWebKit/537.36 (KHTML, like Gecko) Chrome/64.0.3282.167 Safari/537.36"
::1 - - [28/Feb/2018:14:23:23 +0000] "GET /en/profile/fc424e2bad629ec4b7cf4290ea045ea4 HTTP/1.1" 200 - "-" "Mozilla/5.0 (Macintosh; Intel Mac OS X 10_13_1) AppleWebKit/537.36 (KHTML, like Gecko) Chrome/64.0.3282.167 Safari/537.36"
::1 - - [28/Feb/2018:14:23:24 +0000] "GET /bg.png HTTP/1.1" 304 - "http://localhost:3000/" "Mozilla/5.0 (Macintosh; Intel Mac OS X 10_13_1) AppleWebKit/537.36 (KHTML, like Gecko) Chrome/64.0.3282.167 Safari/537.36"
::1 - - [28/Feb/2018:14:23:24 +0000] "GET /0.84c7208467aeebabed35.chunk.js HTTP/1.1" 200 - "http://localhost:3000/en/profile/fc424e2bad629ec4b7cf4290ea045ea4" "Mozilla/5.0 (Macintosh; Intel Mac OS X 10_13_1) AppleWebKit/537.36 (KHTML, like Gecko) Chrome/64.0.3282.167 Safari/537.36"
::1 - - [28/Feb/2018:14:23:24 +0000] "GET / HTTP/1.1" 304 - "http://localhost:3000/en/profile/fc424e2bad629ec4b7cf4290ea045ea4" "Mozilla/5.0 (Macintosh; Intel Mac OS X 10_13_1) AppleWebKit/537.36 (KHTML, like Gecko) Chrome/64.0.3282.167 Safari/537.36"
::1 - - [28/Feb/2018:14:23:24 +0000] "GET / HTTP/1.1" 304 - "http://localhost:3000/en/profile/fc424e2bad629ec4b7cf4290ea045ea4" "Mozilla/5.0 (Macintosh; Intel Mac OS X 10_13_1) AppleWebKit/537.36 (KHTML, like Gecko) Chrome/64.0.3282.167 Safari/537.36"
::1 - - [28/Feb/2018:14:23:26 +0000] "GET / HTTP/1.1" 304 - "http://localhost:3000/en/profile/fc424e2bad629ec4b7cf4290ea045ea4" "Mozilla/5.0 (Macintosh; Intel Mac OS X 10_13_1) AppleWebKit/537.36 (KHTML, like Gecko) Chrome/64.0.3282.167 Safari/537.36"
::1 - - [28/Feb/2018:15:37:32 +0000] "GET / HTTP/1.1" 200 - "-" "Mozilla/5.0 (Macintosh; Intel Mac OS X 10_13_1) AppleWebKit/537.36 (KHTML, like Gecko) Chrome/64.0.3282.167 Safari/537.36"
::1 - - [28/Feb/2018:15:37:32 +0000] "GET /robots.txt HTTP/1.1" 200 - "-" "Mozilla/5.0 (Macintosh; Intel Mac OS X 10_13_1) AppleWebKit/537.36 (KHTML, like Gecko) Chrome/64.0.3282.167 Safari/537.36"
::1 - - [28/Feb/2018:15:37:32 +0000] "GET /inline.9de5b303af411016890b.bundle.js HTTP/1.1" 200 - "http://localhost:3000/" "Mozilla/5.0 (Macintosh; Intel Mac OS X 10_13_1) AppleWebKit/537.36 (KHTML, like Gecko) Chrome/64.0.3282.167 Safari/537.36"
::1 - - [28/Feb/2018:15:37:32 +0000] "GET /main.15f924611b8b2df71aca.bundle.js HTTP/1.1" 200 - "http://localhost:3000/" "Mozilla/5.0 (Macintosh; Intel Mac OS X 10_13_1) AppleWebKit/537.36 (KHTML, like Gecko) Chrome/64.0.3282.167 Safari/537.36"
::1 - - [28/Feb/2018:15:37:33 +0000] "GET /bg.png HTTP/1.1" 200 - "http://localhost:3000/" "Mozilla/5.0 (Macintosh; Intel Mac OS X 10_13_1) AppleWebKit/537.36 (KHTML, like Gecko) Chrome/64.0.3282.167 Safari/537.36"
::1 - - [28/Feb/2018:15:37:33 +0000] "GET / HTTP/1.1" 304 - "http://localhost:3000/en" "Mozilla/5.0 (Macintosh; Intel Mac OS X 10_13_1) AppleWebKit/537.36 (KHTML, like Gecko) Chrome/64.0.3282.167 Safari/537.36"
::1 - - [28/Feb/2018:15:37:34 +0000] "GET / HTTP/1.1" 304 - "http://localhost:3000/en" "Mozilla/5.0 (Macintosh; Intel Mac OS X 10_13_1) AppleWebKit/537.36 (KHTML, like Gecko) Chrome/64.0.3282.167 Safari/537.36"
::1 - - [28/Feb/2018:15:49:55 +0000] "GET /en HTTP/1.1" 200 - "-" "Mozilla/5.0 (Macintosh; Intel Mac OS X 10_13_1) AppleWebKit/537.36 (KHTML, like Gecko) Chrome/64.0.3282.167 Safari/537.36"
::1 - - [28/Feb/2018:15:49:55 +0000] "GET /inline.9de5b303af411016890b.bundle.js HTTP/1.1" 200 - "http://localhost:3000/en" "Mozilla/5.0 (Macintosh; Intel Mac OS X 10_13_1) AppleWebKit/537.36 (KHTML, like Gecko) Chrome/64.0.3282.167 Safari/537.36"
::1 - - [28/Feb/2018:15:49:55 +0000] "GET /polyfills.c21fb57db3592bff8570.bundle.js HTTP/1.1" 200 - "http://localhost:3000/en" "Mozilla/5.0 (Macintosh; Intel Mac OS X 10_13_1) AppleWebKit/537.36 (KHTML, like Gecko) Chrome/64.0.3282.167 Safari/537.36"
::1 - - [28/Feb/2018:15:49:55 +0000] "GET /scripts.6118e922cb5e08a1cf58.bundle.js HTTP/1.1" 200 - "http://localhost:3000/en" "Mozilla/5.0 (Macintosh; Intel Mac OS X 10_13_1) AppleWebKit/537.36 (KHTML, like Gecko) Chrome/64.0.3282.167 Safari/537.36"
::1 - - [28/Feb/2018:15:49:55 +0000] "GET /styles.bc334f45ed512c1a2250.bundle.css HTTP/1.1" 200 - "http://localhost:3000/en" "Mozilla/5.0 (Macintosh; Intel Mac OS X 10_13_1) AppleWebKit/537.36 (KHTML, like Gecko) Chrome/64.0.3282.167 Safari/537.36"
::1 - - [28/Feb/2018:15:49:55 +0000] "GET /main.15f924611b8b2df71aca.bundle.js HTTP/1.1" 200 - "http://localhost:3000/en" "Mozilla/5.0 (Macintosh; Intel Mac OS X 10_13_1) AppleWebKit/537.36 (KHTML, like Gecko) Chrome/64.0.3282.167 Safari/537.36"
::1 - - [28/Feb/2018:15:49:56 +0000] "GET /bg.png HTTP/1.1" 200 - "http://localhost:3000/" "Mozilla/5.0 (Macintosh; Intel Mac OS X 10_13_1) AppleWebKit/537.36 (KHTML, like Gecko) Chrome/64.0.3282.167 Safari/537.36"
::1 - - [28/Feb/2018:15:49:56 +0000] "GET /assets/fonts/icomoon/icomoon.ttf HTTP/1.1" 200 7392 "http://localhost:3000/styles.bc334f45ed512c1a2250.bundle.css" "Mozilla/5.0 (Macintosh; Intel Mac OS X 10_13_1) AppleWebKit/537.36 (KHTML, like Gecko) Chrome/64.0.3282.167 Safari/537.36"
::1 - - [28/Feb/2018:15:49:56 +0000] "GET /assets/i18n/en.json HTTP/1.1" 200 153 "http://localhost:3000/en" "Mozilla/5.0 (Macintosh; Intel Mac OS X 10_13_1) AppleWebKit/537.36 (KHTML, like Gecko) Chrome/64.0.3282.167 Safari/537.36"
::1 - - [28/Feb/2018:15:49:56 +0000] "GET / HTTP/1.1" 200 - "http://localhost:3000/en" "Mozilla/5.0 (Macintosh; Intel Mac OS X 10_13_1) AppleWebKit/537.36 (KHTML, like Gecko) Chrome/64.0.3282.167 Safari/537.36"
::1 - - [28/Feb/2018:15:49:56 +0000] "GET / HTTP/1.1" 200 - "http://localhost:3000/en" "Mozilla/5.0 (Macintosh; Intel Mac OS X 10_13_1) AppleWebKit/537.36 (KHTML, like Gecko) Chrome/64.0.3282.167 Safari/537.36"
::1 - - [28/Feb/2018:15:49:56 +0000] "GET /bg.1773b50c35f4f611f62d.png HTTP/1.1" 200 1393837 "http://localhost:3000/" "Mozilla/5.0 (Macintosh; Intel Mac OS X 10_13_1) AppleWebKit/537.36 (KHTML, like Gecko) Chrome/64.0.3282.167 Safari/537.36"
::1 - - [28/Feb/2018:15:53:43 +0000] "GET /en HTTP/1.1" 200 - "-" "Mozilla/5.0 (Macintosh; Intel Mac OS X 10_13_1) AppleWebKit/537.36 (KHTML, like Gecko) Chrome/64.0.3282.167 Safari/537.36"
::1 - - [28/Feb/2018:15:53:43 +0000] "GET /inline.9400d5bb91dd82a61340.bundle.js HTTP/1.1" 200 - "http://localhost:3000/en" "Mozilla/5.0 (Macintosh; Intel Mac OS X 10_13_1) AppleWebKit/537.36 (KHTML, like Gecko) Chrome/64.0.3282.167 Safari/537.36"
::1 - - [28/Feb/2018:15:53:43 +0000] "GET /polyfills.c21fb57db3592bff8570.bundle.js HTTP/1.1" 200 - "http://localhost:3000/en" "Mozilla/5.0 (Macintosh; Intel Mac OS X 10_13_1) AppleWebKit/537.36 (KHTML, like Gecko) Chrome/64.0.3282.167 Safari/537.36"
::1 - - [28/Feb/2018:15:53:43 +0000] "GET /scripts.6118e922cb5e08a1cf58.bundle.js HTTP/1.1" 200 - "http://localhost:3000/en" "Mozilla/5.0 (Macintosh; Intel Mac OS X 10_13_1) AppleWebKit/537.36 (KHTML, like Gecko) Chrome/64.0.3282.167 Safari/537.36"
::1 - - [28/Feb/2018:15:53:43 +0000] "GET /styles.bc334f45ed512c1a2250.bundle.css HTTP/1.1" 200 - "http://localhost:3000/en" "Mozilla/5.0 (Macintosh; Intel Mac OS X 10_13_1) AppleWebKit/537.36 (KHTML, like Gecko) Chrome/64.0.3282.167 Safari/537.36"
::1 - - [28/Feb/2018:15:53:43 +0000] "GET /main.35bc0847e34645438884.bundle.js HTTP/1.1" 200 - "http://localhost:3000/en" "Mozilla/5.0 (Macintosh; Intel Mac OS X 10_13_1) AppleWebKit/537.36 (KHTML, like Gecko) Chrome/64.0.3282.167 Safari/537.36"
::1 - - [28/Feb/2018:15:53:44 +0000] "GET /assets/fonts/icomoon/icomoon.ttf HTTP/1.1" 200 7392 "http://localhost:3000/styles.bc334f45ed512c1a2250.bundle.css" "Mozilla/5.0 (Macintosh; Intel Mac OS X 10_13_1) AppleWebKit/537.36 (KHTML, like Gecko) Chrome/64.0.3282.167 Safari/537.36"
::1 - - [28/Feb/2018:15:53:44 +0000] "GET /bg.png HTTP/1.1" 200 - "http://localhost:3000/" "Mozilla/5.0 (Macintosh; Intel Mac OS X 10_13_1) AppleWebKit/537.36 (KHTML, like Gecko) Chrome/64.0.3282.167 Safari/537.36"
::1 - - [28/Feb/2018:15:53:44 +0000] "GET /assets/i18n/en.json HTTP/1.1" 200 153 "http://localhost:3000/en" "Mozilla/5.0 (Macintosh; Intel Mac OS X 10_13_1) AppleWebKit/537.36 (KHTML, like Gecko) Chrome/64.0.3282.167 Safari/537.36"
::1 - - [28/Feb/2018:15:53:44 +0000] "GET / HTTP/1.1" 200 - "http://localhost:3000/en" "Mozilla/5.0 (Macintosh; Intel Mac OS X 10_13_1) AppleWebKit/537.36 (KHTML, like Gecko) Chrome/64.0.3282.167 Safari/537.36"
::1 - - [28/Feb/2018:15:53:44 +0000] "GET / HTTP/1.1" 200 - "http://localhost:3000/en" "Mozilla/5.0 (Macintosh; Intel Mac OS X 10_13_1) AppleWebKit/537.36 (KHTML, like Gecko) Chrome/64.0.3282.167 Safari/537.36"
::1 - - [28/Feb/2018:15:53:44 +0000] "GET /bg.1773b50c35f4f611f62d.png HTTP/1.1" 200 1393837 "http://localhost:3000/" "Mozilla/5.0 (Macintosh; Intel Mac OS X 10_13_1) AppleWebKit/537.36 (KHTML, like Gecko) Chrome/64.0.3282.167 Safari/537.36"
::1 - - [28/Feb/2018:15:53:55 +0000] "GET /en HTTP/1.1" 200 - "-" "Mozilla/5.0 (Macintosh; Intel Mac OS X 10_13_1) AppleWebKit/537.36 (KHTML, like Gecko) Chrome/64.0.3282.167 Safari/537.36"
::1 - - [28/Feb/2018:15:53:55 +0000] "GET /inline.9400d5bb91dd82a61340.bundle.js HTTP/1.1" 200 - "http://localhost:3000/en" "Mozilla/5.0 (Macintosh; Intel Mac OS X 10_13_1) AppleWebKit/537.36 (KHTML, like Gecko) Chrome/64.0.3282.167 Safari/537.36"
::1 - - [28/Feb/2018:15:53:55 +0000] "GET /polyfills.c21fb57db3592bff8570.bundle.js HTTP/1.1" 200 - "http://localhost:3000/en" "Mozilla/5.0 (Macintosh; Intel Mac OS X 10_13_1) AppleWebKit/537.36 (KHTML, like Gecko) Chrome/64.0.3282.167 Safari/537.36"
::1 - - [28/Feb/2018:15:53:56 +0000] "GET /scripts.6118e922cb5e08a1cf58.bundle.js HTTP/1.1" 200 - "http://localhost:3000/en" "Mozilla/5.0 (Macintosh; Intel Mac OS X 10_13_1) AppleWebKit/537.36 (KHTML, like Gecko) Chrome/64.0.3282.167 Safari/537.36"
::1 - - [28/Feb/2018:15:53:56 +0000] "GET /styles.bc334f45ed512c1a2250.bundle.css HTTP/1.1" 200 - "http://localhost:3000/en" "Mozilla/5.0 (Macintosh; Intel Mac OS X 10_13_1) AppleWebKit/537.36 (KHTML, like Gecko) Chrome/64.0.3282.167 Safari/537.36"
::1 - - [28/Feb/2018:15:53:56 +0000] "GET /main.35bc0847e34645438884.bundle.js HTTP/1.1" 200 - "http://localhost:3000/en" "Mozilla/5.0 (Macintosh; Intel Mac OS X 10_13_1) AppleWebKit/537.36 (KHTML, like Gecko) Chrome/64.0.3282.167 Safari/537.36"
::1 - - [28/Feb/2018:15:53:56 +0000] "GET /bg.png HTTP/1.1" 200 - "http://localhost:3000/" "Mozilla/5.0 (Macintosh; Intel Mac OS X 10_13_1) AppleWebKit/537.36 (KHTML, like Gecko) Chrome/64.0.3282.167 Safari/537.36"
::1 - - [28/Feb/2018:15:53:56 +0000] "GET /assets/fonts/icomoon/icomoon.ttf HTTP/1.1" 200 7392 "http://localhost:3000/styles.bc334f45ed512c1a2250.bundle.css" "Mozilla/5.0 (Macintosh; Intel Mac OS X 10_13_1) AppleWebKit/537.36 (KHTML, like Gecko) Chrome/64.0.3282.167 Safari/537.36"
::1 - - [28/Feb/2018:15:53:56 +0000] "GET /assets/i18n/en.json HTTP/1.1" 200 153 "http://localhost:3000/en" "Mozilla/5.0 (Macintosh; Intel Mac OS X 10_13_1) AppleWebKit/537.36 (KHTML, like Gecko) Chrome/64.0.3282.167 Safari/537.36"
::1 - - [28/Feb/2018:15:53:56 +0000] "GET / HTTP/1.1" 200 - "http://localhost:3000/en" "Mozilla/5.0 (Macintosh; Intel Mac OS X 10_13_1) AppleWebKit/537.36 (KHTML, like Gecko) Chrome/64.0.3282.167 Safari/537.36"
::1 - - [28/Feb/2018:15:53:56 +0000] "GET / HTTP/1.1" 200 - "http://localhost:3000/en" "Mozilla/5.0 (Macintosh; Intel Mac OS X 10_13_1) AppleWebKit/537.36 (KHTML, like Gecko) Chrome/64.0.3282.167 Safari/537.36"
::1 - - [28/Feb/2018:15:53:56 +0000] "GET /bg.1773b50c35f4f611f62d.png HTTP/1.1" 200 1393837 "http://localhost:3000/" "Mozilla/5.0 (Macintosh; Intel Mac OS X 10_13_1) AppleWebKit/537.36 (KHTML, like Gecko) Chrome/64.0.3282.167 Safari/537.36"
::1 - - [01/Mar/2018:08:09:35 +0000] "GET / HTTP/1.1" 200 - "-" "Mozilla/5.0 (Macintosh; Intel Mac OS X 10_13_1) AppleWebKit/537.36 (KHTML, like Gecko) Chrome/64.0.3282.167 Safari/537.36"
::1 - - [01/Mar/2018:08:09:35 +0000] "GET /robots.txt HTTP/1.1" 200 - "-" "Mozilla/5.0 (Macintosh; Intel Mac OS X 10_13_1) AppleWebKit/537.36 (KHTML, like Gecko) Chrome/64.0.3282.167 Safari/537.36"
::1 - - [01/Mar/2018:08:09:35 +0000] "GET /inline.aac30445a25d9c1a8588.bundle.js HTTP/1.1" 200 - "http://localhost:3000/" "Mozilla/5.0 (Macintosh; Intel Mac OS X 10_13_1) AppleWebKit/537.36 (KHTML, like Gecko) Chrome/64.0.3282.167 Safari/537.36"
::1 - - [01/Mar/2018:08:09:35 +0000] "GET /main.7d56dd73f19ae71cd055.bundle.js HTTP/1.1" 200 - "http://localhost:3000/" "Mozilla/5.0 (Macintosh; Intel Mac OS X 10_13_1) AppleWebKit/537.36 (KHTML, like Gecko) Chrome/64.0.3282.167 Safari/537.36"
::1 - - [01/Mar/2018:08:09:59 +0000] "GET /inline.aac30445a25d9c1a8588.bundle.js HTTP/1.1" 200 - "http://localhost:3000/" "Mozilla/5.0 (Macintosh; Intel Mac OS X 10_13_1) AppleWebKit/537.36 (KHTML, like Gecko) Chrome/64.0.3282.167 Safari/537.36"
::1 - - [01/Mar/2018:08:09:59 +0000] "GET /polyfills.c21fb57db3592bff8570.bundle.js HTTP/1.1" 200 - "http://localhost:3000/" "Mozilla/5.0 (Macintosh; Intel Mac OS X 10_13_1) AppleWebKit/537.36 (KHTML, like Gecko) Chrome/64.0.3282.167 Safari/537.36"
::1 - - [01/Mar/2018:08:09:59 +0000] "GET /styles.bc334f45ed512c1a2250.bundle.css HTTP/1.1" 200 - "http://localhost:3000/" "Mozilla/5.0 (Macintosh; Intel Mac OS X 10_13_1) AppleWebKit/537.36 (KHTML, like Gecko) Chrome/64.0.3282.167 Safari/537.36"
::1 - - [01/Mar/2018:08:09:59 +0000] "GET /scripts.6118e922cb5e08a1cf58.bundle.js HTTP/1.1" 200 - "http://localhost:3000/" "Mozilla/5.0 (Macintosh; Intel Mac OS X 10_13_1) AppleWebKit/537.36 (KHTML, like Gecko) Chrome/64.0.3282.167 Safari/537.36"
::1 - - [01/Mar/2018:08:10:00 +0000] "GET /main.7d56dd73f19ae71cd055.bundle.js HTTP/1.1" 200 - "http://localhost:3000/" "Mozilla/5.0 (Macintosh; Intel Mac OS X 10_13_1) AppleWebKit/537.36 (KHTML, like Gecko) Chrome/64.0.3282.167 Safari/537.36"
::1 - - [01/Mar/2018:08:10:00 +0000] "GET /bg.png HTTP/1.1" 200 - "http://localhost:3000/" "Mozilla/5.0 (Macintosh; Intel Mac OS X 10_13_1) AppleWebKit/537.36 (KHTML, like Gecko) Chrome/64.0.3282.167 Safari/537.36"
::1 - - [01/Mar/2018:08:10:00 +0000] "GET /assets/fonts/icomoon/icomoon.ttf HTTP/1.1" 200 7392 "http://localhost:3000/styles.bc334f45ed512c1a2250.bundle.css" "Mozilla/5.0 (Macintosh; Intel Mac OS X 10_13_1) AppleWebKit/537.36 (KHTML, like Gecko) Chrome/64.0.3282.167 Safari/537.36"
::1 - - [01/Mar/2018:08:10:00 +0000] "GET /assets/i18n/en.json HTTP/1.1" 200 153 "http://localhost:3000/en" "Mozilla/5.0 (Macintosh; Intel Mac OS X 10_13_1) AppleWebKit/537.36 (KHTML, like Gecko) Chrome/64.0.3282.167 Safari/537.36"
::1 - - [01/Mar/2018:08:10:00 +0000] "GET / HTTP/1.1" 200 - "http://localhost:3000/en" "Mozilla/5.0 (Macintosh; Intel Mac OS X 10_13_1) AppleWebKit/537.36 (KHTML, like Gecko) Chrome/64.0.3282.167 Safari/537.36"
::1 - - [01/Mar/2018:08:10:00 +0000] "GET / HTTP/1.1" 200 - "http://localhost:3000/en" "Mozilla/5.0 (Macintosh; Intel Mac OS X 10_13_1) AppleWebKit/537.36 (KHTML, like Gecko) Chrome/64.0.3282.167 Safari/537.36"
::1 - - [01/Mar/2018:08:10:00 +0000] "GET /bg.1773b50c35f4f611f62d.png HTTP/1.1" 200 1393837 "http://localhost:3000/" "Mozilla/5.0 (Macintosh; Intel Mac OS X 10_13_1) AppleWebKit/537.36 (KHTML, like Gecko) Chrome/64.0.3282.167 Safari/537.36"
::1 - - [01/Mar/2018:08:36:52 +0000] "GET /en HTTP/1.1" 200 - "-" "Mozilla/5.0 (Macintosh; Intel Mac OS X 10_13_1) AppleWebKit/537.36 (KHTML, like Gecko) Chrome/64.0.3282.167 Safari/537.36"
::1 - - [01/Mar/2018:08:36:52 +0000] "GET /inline.aac30445a25d9c1a8588.bundle.js HTTP/1.1" 200 - "http://localhost:3000/en" "Mozilla/5.0 (Macintosh; Intel Mac OS X 10_13_1) AppleWebKit/537.36 (KHTML, like Gecko) Chrome/64.0.3282.167 Safari/537.36"
::1 - - [01/Mar/2018:08:36:52 +0000] "GET /polyfills.c21fb57db3592bff8570.bundle.js HTTP/1.1" 200 - "http://localhost:3000/en" "Mozilla/5.0 (Macintosh; Intel Mac OS X 10_13_1) AppleWebKit/537.36 (KHTML, like Gecko) Chrome/64.0.3282.167 Safari/537.36"
::1 - - [01/Mar/2018:08:36:52 +0000] "GET /scripts.6118e922cb5e08a1cf58.bundle.js HTTP/1.1" 200 - "http://localhost:3000/en" "Mozilla/5.0 (Macintosh; Intel Mac OS X 10_13_1) AppleWebKit/537.36 (KHTML, like Gecko) Chrome/64.0.3282.167 Safari/537.36"
::1 - - [01/Mar/2018:08:36:52 +0000] "GET /styles.bc334f45ed512c1a2250.bundle.css HTTP/1.1" 200 - "http://localhost:3000/en" "Mozilla/5.0 (Macintosh; Intel Mac OS X 10_13_1) AppleWebKit/537.36 (KHTML, like Gecko) Chrome/64.0.3282.167 Safari/537.36"
::1 - - [01/Mar/2018:08:36:52 +0000] "GET /main.6726e6cbad7ffd60de6f.bundle.js HTTP/1.1" 200 - "http://localhost:3000/en" "Mozilla/5.0 (Macintosh; Intel Mac OS X 10_13_1) AppleWebKit/537.36 (KHTML, like Gecko) Chrome/64.0.3282.167 Safari/537.36"
::1 - - [01/Mar/2018:08:36:52 +0000] "GET /bg.png HTTP/1.1" 200 - "http://localhost:3000/" "Mozilla/5.0 (Macintosh; Intel Mac OS X 10_13_1) AppleWebKit/537.36 (KHTML, like Gecko) Chrome/64.0.3282.167 Safari/537.36"
::1 - - [01/Mar/2018:08:36:52 +0000] "GET /assets/fonts/icomoon/icomoon.ttf HTTP/1.1" 200 7392 "http://localhost:3000/styles.bc334f45ed512c1a2250.bundle.css" "Mozilla/5.0 (Macintosh; Intel Mac OS X 10_13_1) AppleWebKit/537.36 (KHTML, like Gecko) Chrome/64.0.3282.167 Safari/537.36"
::1 - - [01/Mar/2018:08:36:53 +0000] "GET /assets/i18n/en.json HTTP/1.1" 200 153 "http://localhost:3000/en" "Mozilla/5.0 (Macintosh; Intel Mac OS X 10_13_1) AppleWebKit/537.36 (KHTML, like Gecko) Chrome/64.0.3282.167 Safari/537.36"
::1 - - [01/Mar/2018:08:36:53 +0000] "GET / HTTP/1.1" 200 - "http://localhost:3000/en" "Mozilla/5.0 (Macintosh; Intel Mac OS X 10_13_1) AppleWebKit/537.36 (KHTML, like Gecko) Chrome/64.0.3282.167 Safari/537.36"
::1 - - [01/Mar/2018:08:36:53 +0000] "GET / HTTP/1.1" 200 - "http://localhost:3000/en" "Mozilla/5.0 (Macintosh; Intel Mac OS X 10_13_1) AppleWebKit/537.36 (KHTML, like Gecko) Chrome/64.0.3282.167 Safari/537.36"
::1 - - [01/Mar/2018:08:36:53 +0000] "GET /bg.1773b50c35f4f611f62d.png HTTP/1.1" 200 1393837 "http://localhost:3000/" "Mozilla/5.0 (Macintosh; Intel Mac OS X 10_13_1) AppleWebKit/537.36 (KHTML, like Gecko) Chrome/64.0.3282.167 Safari/537.36"
::1 - - [01/Mar/2018:09:14:11 +0000] "GET / HTTP/1.1" 200 - "-" "Mozilla/5.0 (Macintosh; Intel Mac OS X 10_13_1) AppleWebKit/537.36 (KHTML, like Gecko) Chrome/64.0.3282.167 Safari/537.36"
::1 - - [01/Mar/2018:09:14:11 +0000] "GET /inline.93a8e231c2d53b6f5fc1.bundle.js HTTP/1.1" 200 - "http://localhost:3000/" "Mozilla/5.0 (Macintosh; Intel Mac OS X 10_13_1) AppleWebKit/537.36 (KHTML, like Gecko) Chrome/64.0.3282.167 Safari/537.36"
::1 - - [01/Mar/2018:09:14:11 +0000] "GET /main.ee523f8a2fb176155337.bundle.js HTTP/1.1" 200 - "http://localhost:3000/" "Mozilla/5.0 (Macintosh; Intel Mac OS X 10_13_1) AppleWebKit/537.36 (KHTML, like Gecko) Chrome/64.0.3282.167 Safari/537.36"
::1 - - [01/Mar/2018:09:14:12 +0000] "GET /bg.png HTTP/1.1" 200 - "http://localhost:3000/" "Mozilla/5.0 (Macintosh; Intel Mac OS X 10_13_1) AppleWebKit/537.36 (KHTML, like Gecko) Chrome/64.0.3282.167 Safari/537.36"
::1 - - [01/Mar/2018:09:14:13 +0000] "GET / HTTP/1.1" 304 - "http://localhost:3000/en" "Mozilla/5.0 (Macintosh; Intel Mac OS X 10_13_1) AppleWebKit/537.36 (KHTML, like Gecko) Chrome/64.0.3282.167 Safari/537.36"
::1 - - [01/Mar/2018:09:14:13 +0000] "GET / HTTP/1.1" 304 - "http://localhost:3000/en" "Mozilla/5.0 (Macintosh; Intel Mac OS X 10_13_1) AppleWebKit/537.36 (KHTML, like Gecko) Chrome/64.0.3282.167 Safari/537.36"
::1 - - [01/Mar/2018:09:28:03 +0000] "GET /en HTTP/1.1" 200 - "-" "Mozilla/5.0 (Macintosh; Intel Mac OS X 10_13_1) AppleWebKit/537.36 (KHTML, like Gecko) Chrome/64.0.3282.167 Safari/537.36"
::1 - - [01/Mar/2018:09:28:03 +0000] "GET /inline.c43d4762289a9ccdc583.bundle.js HTTP/1.1" 200 - "http://localhost:3000/en" "Mozilla/5.0 (Macintosh; Intel Mac OS X 10_13_1) AppleWebKit/537.36 (KHTML, like Gecko) Chrome/64.0.3282.167 Safari/537.36"
::1 - - [01/Mar/2018:09:28:03 +0000] "GET /main.c60f463ead4659790b5e.bundle.js HTTP/1.1" 200 - "http://localhost:3000/en" "Mozilla/5.0 (Macintosh; Intel Mac OS X 10_13_1) AppleWebKit/537.36 (KHTML, like Gecko) Chrome/64.0.3282.167 Safari/537.36"
::1 - - [01/Mar/2018:09:28:03 +0000] "GET /bg.png HTTP/1.1" 200 - "http://localhost:3000/" "Mozilla/5.0 (Macintosh; Intel Mac OS X 10_13_1) AppleWebKit/537.36 (KHTML, like Gecko) Chrome/64.0.3282.167 Safari/537.36"
::1 - - [01/Mar/2018:09:28:03 +0000] "GET / HTTP/1.1" 200 - "http://localhost:3000/en" "Mozilla/5.0 (Macintosh; Intel Mac OS X 10_13_1) AppleWebKit/537.36 (KHTML, like Gecko) Chrome/64.0.3282.167 Safari/537.36"
::1 - - [01/Mar/2018:09:28:04 +0000] "GET / HTTP/1.1" 304 - "http://localhost:3000/en" "Mozilla/5.0 (Macintosh; Intel Mac OS X 10_13_1) AppleWebKit/537.36 (KHTML, like Gecko) Chrome/64.0.3282.167 Safari/537.36"
::1 - - [01/Mar/2018:09:28:04 +0000] "GET /favicon.ico HTTP/1.1" 200 - "http://localhost:3000/en" "Mozilla/5.0 (Macintosh; Intel Mac OS X 10_13_1) AppleWebKit/537.36 (KHTML, like Gecko) Chrome/64.0.3282.167 Safari/537.36"
::1 - - [01/Mar/2018:09:55:48 +0000] "GET /en HTTP/1.1" 200 - "-" "Mozilla/5.0 (Macintosh; Intel Mac OS X 10_13_1) AppleWebKit/537.36 (KHTML, like Gecko) Chrome/64.0.3282.167 Safari/537.36"
::1 - - [01/Mar/2018:09:55:48 +0000] "GET /inline.dc1c13c379ba0f981cdd.bundle.js HTTP/1.1" 200 - "http://localhost:3000/en" "Mozilla/5.0 (Macintosh; Intel Mac OS X 10_13_1) AppleWebKit/537.36 (KHTML, like Gecko) Chrome/64.0.3282.167 Safari/537.36"
::1 - - [01/Mar/2018:09:55:49 +0000] "GET /main.9a38b2be5aaa5da5e36a.bundle.js HTTP/1.1" 200 - "http://localhost:3000/en" "Mozilla/5.0 (Macintosh; Intel Mac OS X 10_13_1) AppleWebKit/537.36 (KHTML, like Gecko) Chrome/64.0.3282.167 Safari/537.36"
::1 - - [01/Mar/2018:09:55:49 +0000] "GET /bg.png HTTP/1.1" 200 - "http://localhost:3000/" "Mozilla/5.0 (Macintosh; Intel Mac OS X 10_13_1) AppleWebKit/537.36 (KHTML, like Gecko) Chrome/64.0.3282.167 Safari/537.36"
::1 - - [01/Mar/2018:09:55:49 +0000] "GET / HTTP/1.1" 200 - "http://localhost:3000/en" "Mozilla/5.0 (Macintosh; Intel Mac OS X 10_13_1) AppleWebKit/537.36 (KHTML, like Gecko) Chrome/64.0.3282.167 Safari/537.36"
::1 - - [01/Mar/2018:09:55:49 +0000] "GET / HTTP/1.1" 304 - "http://localhost:3000/en" "Mozilla/5.0 (Macintosh; Intel Mac OS X 10_13_1) AppleWebKit/537.36 (KHTML, like Gecko) Chrome/64.0.3282.167 Safari/537.36"
::1 - - [01/Mar/2018:09:55:49 +0000] "GET /favicon.ico HTTP/1.1" 200 - "http://localhost:3000/en" "Mozilla/5.0 (Macintosh; Intel Mac OS X 10_13_1) AppleWebKit/537.36 (KHTML, like Gecko) Chrome/64.0.3282.167 Safari/537.36"
